c:\users\abc\downloads\fringerprint\windows-biometric-framework-fingerprint-example-master\fingerprint\debug\vc143.pdb
c:\users\abc\downloads\fringerprint\windows-biometric-framework-fingerprint-example-master\fingerprint\debug\vc143.idb
c:\users\abc\downloads\fringerprint\windows-biometric-framework-fingerprint-example-master\fingerprint\debug\privatepoolsetup.obj
c:\users\abc\downloads\fringerprint\windows-biometric-framework-fingerprint-example-master\fingerprint\debug\privatepoolidentify.obj
c:\users\abc\downloads\fringerprint\windows-biometric-framework-fingerprint-example-master\fingerprint\debug\privatepoolenroll.obj
c:\users\abc\downloads\fringerprint\windows-biometric-framework-fingerprint-example-master\fingerprint\debug\main.obj
c:\users\abc\downloads\fringerprint\windows-biometric-framework-fingerprint-example-master\fingerprint\debug\display.obj
c:\users\abc\downloads\fringerprint\windows-biometric-framework-fingerprint-example-master\fingerprint\debug\config.obj
c:\users\abc\downloads\fringerprint\windows-biometric-framework-fingerprint-example-master\debug\fingerprint.exe
c:\users\abc\downloads\fringerprint\windows-biometric-framework-fingerprint-example-master\debug\fingerprint.pdb
c:\users\abc\downloads\fringerprint\windows-biometric-framework-fingerprint-example-master\fingerprint\debug\fingerprint.res
c:\users\abc\downloads\fringerprint\windows-biometric-framework-fingerprint-example-master\fingerprint\debug\fingerprint.ilk
c:\users\abc\downloads\fringerprint\windows-biometric-framework-fingerprint-example-master\fingerprint\debug\fingerprint.tlog\cl.command.1.tlog
c:\users\abc\downloads\fringerprint\windows-biometric-framework-fingerprint-example-master\fingerprint\debug\fingerprint.tlog\cl.items.tlog
c:\users\abc\downloads\fringerprint\windows-biometric-framework-fingerprint-example-master\fingerprint\debug\fingerprint.tlog\cl.read.1.tlog
c:\users\abc\downloads\fringerprint\windows-biometric-framework-fingerprint-example-master\fingerprint\debug\fingerprint.tlog\cl.write.1.tlog
c:\users\abc\downloads\fringerprint\windows-biometric-framework-fingerprint-example-master\fingerprint\debug\fingerprint.tlog\link.command.1.tlog
c:\users\abc\downloads\fringerprint\windows-biometric-framework-fingerprint-example-master\fingerprint\debug\fingerprint.tlog\link.read.1.tlog
c:\users\abc\downloads\fringerprint\windows-biometric-framework-fingerprint-example-master\fingerprint\debug\fingerprint.tlog\link.secondary.1.tlog
c:\users\abc\downloads\fringerprint\windows-biometric-framework-fingerprint-example-master\fingerprint\debug\fingerprint.tlog\link.write.1.tlog
c:\users\abc\downloads\fringerprint\windows-biometric-framework-fingerprint-example-master\fingerprint\debug\fingerprint.tlog\rc.command.1.tlog
c:\users\abc\downloads\fringerprint\windows-biometric-framework-fingerprint-example-master\fingerprint\debug\fingerprint.tlog\rc.read.1.tlog
c:\users\abc\downloads\fringerprint\windows-biometric-framework-fingerprint-example-master\fingerprint\debug\fingerprint.tlog\rc.write.1.tlog
